[12-Dec-2018 11:53:25 America/Los_Angeles] An Error occurred while handling another error:
yii\base\InvalidConfigException: Unsupported DB driver value:  in /var/www/html/vendor/craftcms/cms/src/config/DbConfig.php:190
Stack trace:
#0 /var/www/html/vendor/yiisoft/yii2/base/BaseObject.php(109): craft\config\DbConfig->init()
#1 /var/www/html/vendor/craftcms/cms/src/services/Config.php(109): yii\base\BaseObject->__construct(Array)
#2 /var/www/html/vendor/craftcms/cms/src/services/Config.php(154): craft\services\Config->getConfigSettings('db')
#3 /var/www/html/vendor/craftcms/cms/src/helpers/App.php(286): craft\services\Config->getDb()
#4 /var/www/html/vendor/craftcms/cms/src/config/app.php(200): craft\helpers\App::dbConfig()
#5 [internal function]: {closure}()
#6 /var/www/html/vendor/yiisoft/yii2/di/Container.php(503): call_user_func_array(Object(Closure), Array)
#7 /var/www/html/vendor/yiisoft/yii2/BaseYii.php(351): yii\di\Container->invoke(Object(Closure), Array)
#8 /var/www/html/vendor/yiisoft/yii2/di/ServiceLocator.php(137): yii\BaseYii::createObject(Object(Closure))
#9 /var/www/html/vendor/yiisoft/yii2/base/Module.php(742): yii\di\ServiceLocator->get('db', true)
#10 /var/www/html/vendor/craftcms/cms/src/web/Application.php(333): yii\base\Module->get('db', true)
#11 /var/www/html/vendor/yiisoft/yii2/base/Application.php(499): craft\web\Application->get('db')
#12 /var/www/html/vendor/craftcms/cms/src/web/AssetManager.php(92): yii\base\Application->getDb()
#13 /var/www/html/vendor/yiisoft/yii2/web/AssetManager.php(525): craft\web\AssetManager->hash('/var/www/html/v...')
#14 /var/www/html/vendor/craftcms/cms/src/web/AssetManager.php(113): yii\web\AssetManager->publishDirectory('/var/www/html/v...', Array)
#15 /var/www/html/vendor/yiisoft/yii2/web/AssetManager.php(463): craft\web\AssetManager->publishDirectory('/var/www/html/v...', Array)
#16 /var/www/html/vendor/yiisoft/yii2/web/AssetBundle.php(185): yii\web\AssetManager->publish('/var/www/html/v...', Array)
#17 /var/www/html/vendor/yiisoft/yii2/web/AssetManager.php(268): yii\web\AssetBundle->publish(Object(craft\web\AssetManager))
#18 /var/www/html/vendor/yiisoft/yii2/web/AssetManager.php(239): yii\web\AssetManager->loadBundle('craft\\web\\asset...', Array, true)
#19 /var/www/html/vendor/yiisoft/yii2/web/View.php(286): yii\web\AssetManager->getBundle('craft\\web\\asset...')
#20 /var/www/html/vendor/twig/twig/lib/Twig/Extension/Core.php(1619): yii\web\View->registerAssetBundle('craft\\web\\asset...')
#21 /var/www/html/vendor/craftcms/cms/src/helpers/Template.php(73): twig_get_attribute(Object(craft\web\twig\Environment), Object(Twig_Source), Object(craft\web\View), 'registerAssetBu...', Array, 'method', false, false)
#22 /var/www/html/storage/runtime/compiled_templates/cf/cfccd82d4d15cf794ff6d24967292f95284076cab33d0cb40df9a0adddfabec6.php(32): craft\helpers\Template::attribute(Object(craft\web\twig\Environment), Object(Twig_Source), Object(craft\web\View), 'registerAssetBu...', Array, 'method')
#23 /var/www/html/vendor/twig/twig/lib/Twig/Template.php(390): __TwigTemplate_f031a230c0caba1cef233f98ae034cfd15e67a9397c518e3f0fae9bc2ca0fe61->doDisplay(Array, Array)
#24 /var/www/html/vendor/craftcms/cms/src/web/twig/Template.php(49): Twig_Template->displayWithErrorHandling(Array, Array)
#25 /var/www/html/vendor/twig/twig/lib/Twig/Template.php(367): craft\web\twig\Template->displayWithErrorHandling(Array, Array)
#26 /var/www/html/vendor/craftcms/cms/src/web/twig/Template.php(31): Twig_Template->display(Array, Array)
#27 /var/www/html/storage/runtime/compiled_templates/64/649959589dc91b8d90be958b8e480243f5136c4daef00ec94d7b49161531190a.php(33): craft\web\twig\Template->display(Array, Array)
#28 /var/www/html/vendor/twig/twig/lib/Twig/Template.php(390): __TwigTemplate_657de7d1a43c873b6150f04930450f4b93d55fe008949cc910b2d5f7259c7a69->doDisplay(Array, Array)
#29 /var/www/html/vendor/craftcms/cms/src/web/twig/Template.php(49): Twig_Template->displayWithErrorHandling(Array, Array)
#30 /var/www/html/vendor/twig/twig/lib/Twig/Template.php(367): craft\web\twig\Template->displayWithErrorHandling(Array, Array)
#31 /var/www/html/vendor/craftcms/cms/src/web/twig/Template.php(31): Twig_Template->display(Array, Array)
#32 /var/www/html/storage/runtime/compiled_templates/a5/a5d9c69a584f8fd75797e0547df57926299c24e2c8dde0ac3ee8679999ec3c45.php(32): craft\web\twig\Template->display(Array, Array)
#33 /var/www/html/vendor/twig/twig/lib/Twig/Template.php(390): __TwigTemplate_1a16eb2ad77d454b6fa5dc0958e713fc0fd81a207f79dbed17c5b2acc418e878->doDisplay(Array, Array)
#34 /var/www/html/vendor/craftcms/cms/src/web/twig/Template.php(49): Twig_Template->displayWithErrorHandling(Array, Array)
#35 /var/www/html/vendor/twig/twig/lib/Twig/Template.php(367): craft\web\twig\Template->displayWithErrorHandling(Array, Array)
#36 /var/www/html/vendor/craftcms/cms/src/web/twig/Template.php(31): Twig_Template->display(Array, Array)
#37 /var/www/html/vendor/twig/twig/lib/Twig/Template.php(375): craft\web\twig\Template->display(Array)
#38 /var/www/html/vendor/twig/twig/lib/Twig/Environment.php(289): Twig_Template->render(Array)
#39 /var/www/html/vendor/craftcms/cms/src/web/View.php(331): Twig_Environment->render('503', Array)
#40 /var/www/html/vendor/craftcms/cms/src/web/View.php(378): craft\web\View->renderTemplate('503', Array)
#41 /var/www/html/vendor/craftcms/cms/src/web/Controller.php(156): craft\web\View->renderPageTemplate('503', Array)
#42 /var/www/html/vendor/craftcms/cms/src/controllers/TemplatesController.php(209): craft\web\Controller->renderTemplate('503', Array)
#43 [internal function]: craft\controllers\TemplatesController->actionRenderError()
#44 /var/www/html/vendor/yiisoft/yii2/base/InlineAction.php(57): call_user_func_array(Array, Array)
#45 /var/www/html/vendor/yiisoft/yii2/base/Controller.php(157): yii\base\InlineAction->runWithParams(Array)
#46 /var/www/html/vendor/craftcms/cms/src/web/Controller.php(104): yii\base\Controller->runAction('render-error', Array)
#47 /var/www/html/vendor/yiisoft/yii2/base/Module.php(528): craft\web\Controller->runAction('render-error', Array)
#48 /var/www/html/vendor/craftcms/cms/src/web/Application.php(282): yii\base\Module->runAction('templates/rende...', Array)
#49 /var/www/html/vendor/yiisoft/yii2/web/ErrorHandler.php(108): craft\web\Application->runAction('templates/rende...')
#50 /var/www/html/vendor/craftcms/cms/src/web/ErrorHandler.php(132): yii\web\ErrorHandler->renderException(Object(craft\web\ServiceUnavailableHttpException))
#51 /var/www/html/vendor/yiisoft/yii2/base/ErrorHandler.php(111): craft\web\ErrorHandler->renderException(Object(craft\web\ServiceUnavailableHttpException))
#52 /var/www/html/vendor/craftcms/cms/src/web/ErrorHandler.php(63): yii\base\ErrorHandler->handleException(Object(craft\web\ServiceUnavailableHttpException))
#53 [internal function]: craft\web\ErrorHandler->handleException(Object(craft\web\ServiceUnavailableHttpException))
#54 {main}

Next Twig_Error_Runtime: An exception has been thrown during the rendering of a template ("Unsupported DB driver value: "). in /var/www/html/vendor/craftcms/cms/src/templates/_layouts/base.html:5
Stack trace:
#0 /var/www/html/vendor/craftcms/cms/src/web/twig/Template.php(49): Twig_Template->displayWithErrorHandling(Array, Array)
#1 /var/www/html/vendor/twig/twig/lib/Twig/Template.php(367): craft\web\twig\Template->displayWithErrorHandling(Array, Array)
#2 /var/www/html/vendor/craftcms/cms/src/web/twig/Template.php(31): Twig_Template->display(Array, Array)
#3 /var/www/html/storage/runtime/compiled_templates/64/649959589dc91b8d90be958b8e480243f5136c4daef00ec94d7b49161531190a.php(33): craft\web\twig\Template->display(Array, Array)
#4 /var/www/html/vendor/twig/twig/lib/Twig/Template.php(390): __TwigTemplate_657de7d1a43c873b6150f04930450f4b93d55fe008949cc910b2d5f7259c7a69->doDisplay(Array, Array)
#5 /var/www/html/vendor/craftcms/cms/src/web/twig/Template.php(49): Twig_Template->displayWithErrorHandling(Array, Array)
#6 /var/www/html/vendor/twig/twig/lib/Twig/Template.php(367): craft\web\twig\Template->displayWithErrorHandling(Array, Array)
#7 /var/www/html/vendor/craftcms/cms/src/web/twig/Template.php(31): Twig_Template->display(Array, Array)
#8 /var/www/html/storage/runtime/compiled_templates/a5/a5d9c69a584f8fd75797e0547df57926299c24e2c8dde0ac3ee8679999ec3c45.php(32): craft\web\twig\Template->display(Array, Array)
#9 /var/www/html/vendor/twig/twig/lib/Twig/Template.php(390): __TwigTemplate_1a16eb2ad77d454b6fa5dc0958e713fc0fd81a207f79dbed17c5b2acc418e878->doDisplay(Array, Array)
#10 /var/www/html/vendor/craftcms/cms/src/web/twig/Template.php(49): Twig_Template->displayWithErrorHandling(Array, Array)
#11 /var/www/html/vendor/twig/twig/lib/Twig/Template.php(367): craft\web\twig\Template->displayWithErrorHandling(Array, Array)
#12 /var/www/html/vendor/craftcms/cms/src/web/twig/Template.php(31): Twig_Template->display(Array, Array)
#13 /var/www/html/vendor/twig/twig/lib/Twig/Template.php(375): craft\web\twig\Template->display(Array)
#14 /var/www/html/vendor/twig/twig/lib/Twig/Environment.php(289): Twig_Template->render(Array)
#15 /var/www/html/vendor/craftcms/cms/src/web/View.php(331): Twig_Environment->render('503', Array)
#16 /var/www/html/vendor/craftcms/cms/src/web/View.php(378): craft\web\View->renderTemplate('503', Array)
#17 /var/www/html/vendor/craftcms/cms/src/web/Controller.php(156): craft\web\View->renderPageTemplate('503', Array)
#18 /var/www/html/vendor/craftcms/cms/src/controllers/TemplatesController.php(209): craft\web\Controller->renderTemplate('503', Array)
#19 [internal function]: craft\controllers\TemplatesController->actionRenderError()
#20 /var/www/html/vendor/yiisoft/yii2/base/InlineAction.php(57): call_user_func_array(Array, Array)
#21 /var/www/html/vendor/yiisoft/yii2/base/Controller.php(157): yii\base\InlineAction->runWithParams(Array)
#22 /var/www/html/vendor/craftcms/cms/src/web/Controller.php(104): yii\base\Controller->runAction('render-error', Array)
#23 /var/www/html/vendor/yiisoft/yii2/base/Module.php(528): craft\web\Controller->runAction('render-error', Array)
#24 /var/www/html/vendor/craftcms/cms/src/web/Application.php(282): yii\base\Module->runAction('templates/rende...', Array)
#25 /var/www/html/vendor/yiisoft/yii2/web/ErrorHandler.php(108): craft\web\Application->runAction('templates/rende...')
#26 /var/www/html/vendor/craftcms/cms/src/web/ErrorHandler.php(132): yii\web\ErrorHandler->renderException(Object(craft\web\ServiceUnavailableHttpException))
#27 /var/www/html/vendor/yiisoft/yii2/base/ErrorHandler.php(111): craft\web\ErrorHandler->renderException(Object(craft\web\ServiceUnavailableHttpException))
#28 /var/www/html/vendor/craftcms/cms/src/web/ErrorHandler.php(63): yii\base\ErrorHandler->handleException(Object(craft\web\ServiceUnavailableHttpException))
#29 [internal function]: craft\web\ErrorHandler->handleException(Object(craft\web\ServiceUnavailableHttpException))
#30 {main}
Previous exception:
craft\web\ServiceUnavailableHttpException in /var/www/html/vendor/craftcms/cms/src/web/Application.php:510
Stack trace:
#0 /var/www/html/vendor/craftcms/cms/src/web/Application.php(184): craft\web\Application->_processInstallRequest(Object(craft\web\Request))
#1 /var/www/html/vendor/yiisoft/yii2/base/Application.php(386): craft\web\Application->handleRequest(Object(craft\web\Request))
#2 /var/www/html/public/index.php(21): yii\base\Application->run()
#3 {main}
$_SERVER = [
    'HTTP_USER_AGENT' => 'Auvik HTTP Monitor',
    'HTTP_HOST' => '192.168.10.102:8080',
    'PATH' => '/usr/local/sbin:/usr/local/bin:/usr/sbin:/usr/bin:/sbin:/bin',
    'SERVER_SIGNATURE' => '<address>Apache/2.4.10 (Debian) Server at 192.168.10.102 Port 8080</address>
',
    'SERVER_SOFTWARE' => 'Apache/2.4.10 (Debian)',
    'SERVER_NAME' => '192.168.10.102',
    'SERVER_ADDR' => '172.24.0.4',
    'SERVER_PORT' => '8080',
    'REMOTE_ADDR' => '172.24.0.1',
    'DOCUMENT_ROOT' => '/var/www/html/public',
    'REQUEST_SCHEME' => 'http',
    'CONTEXT_PREFIX' => '',
    'CONTEXT_DOCUMENT_ROOT' => '/var/www/html/public',
    'SERVER_ADMIN' => 'webmaster@localhost',
    'SCRIPT_FILENAME' => '/var/www/html/public/index.php',
    'REMOTE_PORT' => '48038',
    'GATEWAY_INTERFACE' => 'CGI/1.1',
    'SERVER_PROTOCOL' => 'HTTP/1.1',
    'REQUEST_METHOD' => 'GET',
    'QUERY_STRING' => '',
    'REQUEST_URI' => '/',
    'SCRIPT_NAME' => '/index.php',
    'PHP_SELF' => '/index.php',
    'REQUEST_TIME_FLOAT' => 1544644405.152,
    'REQUEST_TIME' => 1544644405,
    'argv' => [],
    'argc' => 0,
    'CRAFT_ENVIRONMENT' => 'local',
    'CRAFT_SECURITY_KEY' => 'lrXXUHZbML9eHjRQ3vZZKTlGmmgni1mu',
    'CRAFT_DB_DRIVER' => 'mysql',
    'CRAFT_DB_SERVER' => 'localhost',
    'CRAFT_DB_PORT' => '3306',
    'CRAFT_DB_USER' => 'craft',
    'CRAFT_DB_PASSWORD' => 'craft',
    'CRAFT_DB_DATABASE' => 'craft',
    'CRAFT_DB_TABLE_PREFIX' => '',
    'CRAFT_REDIS_HOSTNAME' => 'redis',
    'CRAFT_REDIS_PORT' => '6379',
    'CRAFT_REDIS_DATABASE' => '0',
    'CRAFT_REDIS_PASSWORD' => '',
    'CRAFT_ASSET_PATHS' => 'public/uploads',
    'STAGING_CRAFT_SSH_USER' => 'your-staging-craft-ssh-user',
    'STAGING_CRAFT_SSH_HOST' => 'example.com',
    'STAGING_CRAFT_BASE_PATH' => '/var/www/html/',
    'STAGING_CRAFT_DB_SERVER' => 'localhost',
    'STAGING_CRAFT_DB_USER' => 'your-staging-craft-db-user',
    'STAGING_CRAFT_DB_PASSWORD' => 'your-staging-craft-db-password',
    'STAGING_CRAFT_DB_DATABASE' => 'your-staging-craft-db-database',
    'STAGING_CRAFT_DB_TABLE_PREFIX' => '',
    'STAGING_CRAFT_DB_PORT' => '3306',
    'PROD_CRAFT_SSH_USER' => 'your-prod-craft-ssh-user',
    'PROD_CRAFT_SSH_HOST' => 'example.com',
    'PROD_CRAFT_BASE_PATH' => '/var/www/html/',
    'PROD_CRAFT_DB_SERVER' => 'localhost',
    'PROD_CRAFT_DB_USER' => 'your-prod-craft-db-user',
    'PROD_CRAFT_DB_PASSWORD' => 'your-prod-craft-db-password',
    'PROD_CRAFT_DB_DATABASE' => 'your-prod-craft-db-database',
    'PROD_CRAFT_DB_TABLE_PREFIX' => '',
    'PROD_CRAFT_DB_PORT' => '3306',
]
[12-Dec-2018 11:58:25 America/Los_Angeles] An Error occurred while handling another error:
yii\base\InvalidConfigException: Unsupported DB driver value:  in /var/www/html/vendor/craftcms/cms/src/config/DbConfig.php:190
Stack trace:
#0 /var/www/html/vendor/yiisoft/yii2/base/BaseObject.php(109): craft\config\DbConfig->init()
#1 /var/www/html/vendor/craftcms/cms/src/services/Config.php(109): yii\base\BaseObject->__construct(Array)
#2 /var/www/html/vendor/craftcms/cms/src/services/Config.php(154): craft\services\Config->getConfigSettings('db')
#3 /var/www/html/vendor/craftcms/cms/src/helpers/App.php(286): craft\services\Config->getDb()
#4 /var/www/html/vendor/craftcms/cms/src/config/app.php(200): craft\helpers\App::dbConfig()
#5 [internal function]: {closure}()
#6 /var/www/html/vendor/yiisoft/yii2/di/Container.php(503): call_user_func_array(Object(Closure), Array)
#7 /var/www/html/vendor/yiisoft/yii2/BaseYii.php(351): yii\di\Container->invoke(Object(Closure), Array)
#8 /var/www/html/vendor/yiisoft/yii2/di/ServiceLocator.php(137): yii\BaseYii::createObject(Object(Closure))
#9 /var/www/html/vendor/yiisoft/yii2/base/Module.php(742): yii\di\ServiceLocator->get('db', true)
#10 /var/www/html/vendor/craftcms/cms/src/web/Application.php(333): yii\base\Module->get('db', true)
#11 /var/www/html/vendor/yiisoft/yii2/base/Application.php(499): craft\web\Application->get('db')
#12 /var/www/html/vendor/craftcms/cms/src/web/AssetManager.php(92): yii\base\Application->getDb()
#13 /var/www/html/vendor/yiisoft/yii2/web/AssetManager.php(525): craft\web\AssetManager->hash('/var/www/html/v...')
#14 /var/www/html/vendor/craftcms/cms/src/web/AssetManager.php(113): yii\web\AssetManager->publishDirectory('/var/www/html/v...', Array)
#15 /var/www/html/vendor/yiisoft/yii2/web/AssetManager.php(463): craft\web\AssetManager->publishDirectory('/var/www/html/v...', Array)
#16 /var/www/html/vendor/yiisoft/yii2/web/AssetBundle.php(185): yii\web\AssetManager->publish('/var/www/html/v...', Array)
#17 /var/www/html/vendor/yiisoft/yii2/web/AssetManager.php(268): yii\web\AssetBundle->publish(Object(craft\web\AssetManager))
#18 /var/www/html/vendor/yiisoft/yii2/web/AssetManager.php(239): yii\web\AssetManager->loadBundle('craft\\web\\asset...', Array, true)
#19 /var/www/html/vendor/yiisoft/yii2/web/View.php(286): yii\web\AssetManager->getBundle('craft\\web\\asset...')
#20 /var/www/html/vendor/twig/twig/lib/Twig/Extension/Core.php(1619): yii\web\View->registerAssetBundle('craft\\web\\asset...')
#21 /var/www/html/vendor/craftcms/cms/src/helpers/Template.php(73): twig_get_attribute(Object(craft\web\twig\Environment), Object(Twig_Source), Object(craft\web\View), 'registerAssetBu...', Array, 'method', false, false)
#22 /var/www/html/storage/runtime/compiled_templates/cf/cfccd82d4d15cf794ff6d24967292f95284076cab33d0cb40df9a0adddfabec6.php(32): craft\helpers\Template::attribute(Object(craft\web\twig\Environment), Object(Twig_Source), Object(craft\web\View), 'registerAssetBu...', Array, 'method')
#23 /var/www/html/vendor/twig/twig/lib/Twig/Template.php(390): __TwigTemplate_f031a230c0caba1cef233f98ae034cfd15e67a9397c518e3f0fae9bc2ca0fe61->doDisplay(Array, Array)
#24 /var/www/html/vendor/craftcms/cms/src/web/twig/Template.php(49): Twig_Template->displayWithErrorHandling(Array, Array)
#25 /var/www/html/vendor/twig/twig/lib/Twig/Template.php(367): craft\web\twig\Template->displayWithErrorHandling(Array, Array)
#26 /var/www/html/vendor/craftcms/cms/src/web/twig/Template.php(31): Twig_Template->display(Array, Array)
#27 /var/www/html/storage/runtime/compiled_templates/64/649959589dc91b8d90be958b8e480243f5136c4daef00ec94d7b49161531190a.php(33): craft\web\twig\Template->display(Array, Array)
#28 /var/www/html/vendor/twig/twig/lib/Twig/Template.php(390): __TwigTemplate_657de7d1a43c873b6150f04930450f4b93d55fe008949cc910b2d5f7259c7a69->doDisplay(Array, Array)
#29 /var/www/html/vendor/craftcms/cms/src/web/twig/Template.php(49): Twig_Template->displayWithErrorHandling(Array, Array)
#30 /var/www/html/vendor/twig/twig/lib/Twig/Template.php(367): craft\web\twig\Template->displayWithErrorHandling(Array, Array)
#31 /var/www/html/vendor/craftcms/cms/src/web/twig/Template.php(31): Twig_Template->display(Array, Array)
#32 /var/www/html/storage/runtime/compiled_templates/a5/a5d9c69a584f8fd75797e0547df57926299c24e2c8dde0ac3ee8679999ec3c45.php(32): craft\web\twig\Template->display(Array, Array)
#33 /var/www/html/vendor/twig/twig/lib/Twig/Template.php(390): __TwigTemplate_1a16eb2ad77d454b6fa5dc0958e713fc0fd81a207f79dbed17c5b2acc418e878->doDisplay(Array, Array)
#34 /var/www/html/vendor/craftcms/cms/src/web/twig/Template.php(49): Twig_Template->displayWithErrorHandling(Array, Array)
#35 /var/www/html/vendor/twig/twig/lib/Twig/Template.php(367): craft\web\twig\Template->displayWithErrorHandling(Array, Array)
#36 /var/www/html/vendor/craftcms/cms/src/web/twig/Template.php(31): Twig_Template->display(Array, Array)
#37 /var/www/html/vendor/twig/twig/lib/Twig/Template.php(375): craft\web\twig\Template->display(Array)
#38 /var/www/html/vendor/twig/twig/lib/Twig/Environment.php(289): Twig_Template->render(Array)
#39 /var/www/html/vendor/craftcms/cms/src/web/View.php(331): Twig_Environment->render('503', Array)
#40 /var/www/html/vendor/craftcms/cms/src/web/View.php(378): craft\web\View->renderTemplate('503', Array)
#41 /var/www/html/vendor/craftcms/cms/src/web/Controller.php(156): craft\web\View->renderPageTemplate('503', Array)
#42 /var/www/html/vendor/craftcms/cms/src/controllers/TemplatesController.php(209): craft\web\Controller->renderTemplate('503', Array)
#43 [internal function]: craft\controllers\TemplatesController->actionRenderError()
#44 /var/www/html/vendor/yiisoft/yii2/base/InlineAction.php(57): call_user_func_array(Array, Array)
#45 /var/www/html/vendor/yiisoft/yii2/base/Controller.php(157): yii\base\InlineAction->runWithParams(Array)
#46 /var/www/html/vendor/craftcms/cms/src/web/Controller.php(104): yii\base\Controller->runAction('render-error', Array)
#47 /var/www/html/vendor/yiisoft/yii2/base/Module.php(528): craft\web\Controller->runAction('render-error', Array)
#48 /var/www/html/vendor/craftcms/cms/src/web/Application.php(282): yii\base\Module->runAction('templates/rende...', Array)
#49 /var/www/html/vendor/yiisoft/yii2/web/ErrorHandler.php(108): craft\web\Application->runAction('templates/rende...')
#50 /var/www/html/vendor/craftcms/cms/src/web/ErrorHandler.php(132): yii\web\ErrorHandler->renderException(Object(craft\web\ServiceUnavailableHttpException))
#51 /var/www/html/vendor/yiisoft/yii2/base/ErrorHandler.php(111): craft\web\ErrorHandler->renderException(Object(craft\web\ServiceUnavailableHttpException))
#52 /var/www/html/vendor/craftcms/cms/src/web/ErrorHandler.php(63): yii\base\ErrorHandler->handleException(Object(craft\web\ServiceUnavailableHttpException))
#53 [internal function]: craft\web\ErrorHandler->handleException(Object(craft\web\ServiceUnavailableHttpException))
#54 {main}

Next Twig_Error_Runtime: An exception has been thrown during the rendering of a template ("Unsupported DB driver value: "). in /var/www/html/vendor/craftcms/cms/src/templates/_layouts/base.html:5
Stack trace:
#0 /var/www/html/vendor/craftcms/cms/src/web/twig/Template.php(49): Twig_Template->displayWithErrorHandling(Array, Array)
#1 /var/www/html/vendor/twig/twig/lib/Twig/Template.php(367): craft\web\twig\Template->displayWithErrorHandling(Array, Array)
#2 /var/www/html/vendor/craftcms/cms/src/web/twig/Template.php(31): Twig_Template->display(Array, Array)
#3 /var/www/html/storage/runtime/compiled_templates/64/649959589dc91b8d90be958b8e480243f5136c4daef00ec94d7b49161531190a.php(33): craft\web\twig\Template->display(Array, Array)
#4 /var/www/html/vendor/twig/twig/lib/Twig/Template.php(390): __TwigTemplate_657de7d1a43c873b6150f04930450f4b93d55fe008949cc910b2d5f7259c7a69->doDisplay(Array, Array)
#5 /var/www/html/vendor/craftcms/cms/src/web/twig/Template.php(49): Twig_Template->displayWithErrorHandling(Array, Array)
#6 /var/www/html/vendor/twig/twig/lib/Twig/Template.php(367): craft\web\twig\Template->displayWithErrorHandling(Array, Array)
#7 /var/www/html/vendor/craftcms/cms/src/web/twig/Template.php(31): Twig_Template->display(Array, Array)
#8 /var/www/html/storage/runtime/compiled_templates/a5/a5d9c69a584f8fd75797e0547df57926299c24e2c8dde0ac3ee8679999ec3c45.php(32): craft\web\twig\Template->display(Array, Array)
#9 /var/www/html/vendor/twig/twig/lib/Twig/Template.php(390): __TwigTemplate_1a16eb2ad77d454b6fa5dc0958e713fc0fd81a207f79dbed17c5b2acc418e878->doDisplay(Array, Array)
#10 /var/www/html/vendor/craftcms/cms/src/web/twig/Template.php(49): Twig_Template->displayWithErrorHandling(Array, Array)
#11 /var/www/html/vendor/twig/twig/lib/Twig/Template.php(367): craft\web\twig\Template->displayWithErrorHandling(Array, Array)
#12 /var/www/html/vendor/craftcms/cms/src/web/twig/Template.php(31): Twig_Template->display(Array, Array)
#13 /var/www/html/vendor/twig/twig/lib/Twig/Template.php(375): craft\web\twig\Template->display(Array)
#14 /var/www/html/vendor/twig/twig/lib/Twig/Environment.php(289): Twig_Template->render(Array)
#15 /var/www/html/vendor/craftcms/cms/src/web/View.php(331): Twig_Environment->render('503', Array)
#16 /var/www/html/vendor/craftcms/cms/src/web/View.php(378): craft\web\View->renderTemplate('503', Array)
#17 /var/www/html/vendor/craftcms/cms/src/web/Controller.php(156): craft\web\View->renderPageTemplate('503', Array)
#18 /var/www/html/vendor/craftcms/cms/src/controllers/TemplatesController.php(209): craft\web\Controller->renderTemplate('503', Array)
#19 [internal function]: craft\controllers\TemplatesController->actionRenderError()
#20 /var/www/html/vendor/yiisoft/yii2/base/InlineAction.php(57): call_user_func_array(Array, Array)
#21 /var/www/html/vendor/yiisoft/yii2/base/Controller.php(157): yii\base\InlineAction->runWithParams(Array)
#22 /var/www/html/vendor/craftcms/cms/src/web/Controller.php(104): yii\base\Controller->runAction('render-error', Array)
#23 /var/www/html/vendor/yiisoft/yii2/base/Module.php(528): craft\web\Controller->runAction('render-error', Array)
#24 /var/www/html/vendor/craftcms/cms/src/web/Application.php(282): yii\base\Module->runAction('templates/rende...', Array)
#25 /var/www/html/vendor/yiisoft/yii2/web/ErrorHandler.php(108): craft\web\Application->runAction('templates/rende...')
#26 /var/www/html/vendor/craftcms/cms/src/web/ErrorHandler.php(132): yii\web\ErrorHandler->renderException(Object(craft\web\ServiceUnavailableHttpException))
#27 /var/www/html/vendor/yiisoft/yii2/base/ErrorHandler.php(111): craft\web\ErrorHandler->renderException(Object(craft\web\ServiceUnavailableHttpException))
#28 /var/www/html/vendor/craftcms/cms/src/web/ErrorHandler.php(63): yii\base\ErrorHandler->handleException(Object(craft\web\ServiceUnavailableHttpException))
#29 [internal function]: craft\web\ErrorHandler->handleException(Object(craft\web\ServiceUnavailableHttpException))
#30 {main}
Previous exception:
craft\web\ServiceUnavailableHttpException in /var/www/html/vendor/craftcms/cms/src/web/Application.php:510
Stack trace:
#0 /var/www/html/vendor/craftcms/cms/src/web/Application.php(184): craft\web\Application->_processInstallRequest(Object(craft\web\Request))
#1 /var/www/html/vendor/yiisoft/yii2/base/Application.php(386): craft\web\Application->handleRequest(Object(craft\web\Request))
#2 /var/www/html/public/index.php(21): yii\base\Application->run()
#3 {main}
$_SERVER = [
    'HTTP_USER_AGENT' => 'Auvik HTTP Monitor',
    'HTTP_HOST' => '192.168.10.102:8080',
    'PATH' => '/usr/local/sbin:/usr/local/bin:/usr/sbin:/usr/bin:/sbin:/bin',
    'SERVER_SIGNATURE' => '<address>Apache/2.4.10 (Debian) Server at 192.168.10.102 Port 8080</address>
',
    'SERVER_SOFTWARE' => 'Apache/2.4.10 (Debian)',
    'SERVER_NAME' => '192.168.10.102',
    'SERVER_ADDR' => '172.24.0.4',
    'SERVER_PORT' => '8080',
    'REMOTE_ADDR' => '172.24.0.1',
    'DOCUMENT_ROOT' => '/var/www/html/public',
    'REQUEST_SCHEME' => 'http',
    'CONTEXT_PREFIX' => '',
    'CONTEXT_DOCUMENT_ROOT' => '/var/www/html/public',
    'SERVER_ADMIN' => 'webmaster@localhost',
    'SCRIPT_FILENAME' => '/var/www/html/public/index.php',
    'REMOTE_PORT' => '48044',
    'GATEWAY_INTERFACE' => 'CGI/1.1',
    'SERVER_PROTOCOL' => 'HTTP/1.1',
    'REQUEST_METHOD' => 'GET',
    'QUERY_STRING' => '',
    'REQUEST_URI' => '/',
    'SCRIPT_NAME' => '/index.php',
    'PHP_SELF' => '/index.php',
    'REQUEST_TIME_FLOAT' => 1544644705.6960001,
    'REQUEST_TIME' => 1544644705,
    'argv' => [],
    'argc' => 0,
    'CRAFT_ENVIRONMENT' => 'local',
    'CRAFT_SECURITY_KEY' => 'lrXXUHZbML9eHjRQ3vZZKTlGmmgni1mu',
    'CRAFT_DB_DRIVER' => 'mysql',
    'CRAFT_DB_SERVER' => 'localhost',
    'CRAFT_DB_PORT' => '3306',
    'CRAFT_DB_USER' => 'craft',
    'CRAFT_DB_PASSWORD' => 'craft',
    'CRAFT_DB_DATABASE' => 'craft',
    'CRAFT_DB_TABLE_PREFIX' => '',
    'CRAFT_REDIS_HOSTNAME' => 'redis',
    'CRAFT_REDIS_PORT' => '6379',
    'CRAFT_REDIS_DATABASE' => '0',
    'CRAFT_REDIS_PASSWORD' => '',
    'CRAFT_ASSET_PATHS' => 'public/uploads',
    'STAGING_CRAFT_SSH_USER' => 'your-staging-craft-ssh-user',
    'STAGING_CRAFT_SSH_HOST' => 'example.com',
    'STAGING_CRAFT_BASE_PATH' => '/var/www/html/',
    'STAGING_CRAFT_DB_SERVER' => 'localhost',
    'STAGING_CRAFT_DB_USER' => 'your-staging-craft-db-user',
    'STAGING_CRAFT_DB_PASSWORD' => 'your-staging-craft-db-password',
    'STAGING_CRAFT_DB_DATABASE' => 'your-staging-craft-db-database',
    'STAGING_CRAFT_DB_TABLE_PREFIX' => '',
    'STAGING_CRAFT_DB_PORT' => '3306',
    'PROD_CRAFT_SSH_USER' => 'your-prod-craft-ssh-user',
    'PROD_CRAFT_SSH_HOST' => 'example.com',
    'PROD_CRAFT_BASE_PATH' => '/var/www/html/',
    'PROD_CRAFT_DB_SERVER' => 'localhost',
    'PROD_CRAFT_DB_USER' => 'your-prod-craft-db-user',
    'PROD_CRAFT_DB_PASSWORD' => 'your-prod-craft-db-password',
    'PROD_CRAFT_DB_DATABASE' => 'your-prod-craft-db-database',
    'PROD_CRAFT_DB_TABLE_PREFIX' => '',
    'PROD_CRAFT_DB_PORT' => '3306',
]
[12-Dec-2018 13:38:40 America/Los_Angeles] An Error occurred while handling another error:
yii\base\InvalidConfigException: Unsupported DB driver value:  in /var/www/html/vendor/craftcms/cms/src/config/DbConfig.php:190
Stack trace:
#0 /var/www/html/vendor/yiisoft/yii2/base/BaseObject.php(109): craft\config\DbConfig->init()
#1 /var/www/html/vendor/craftcms/cms/src/services/Config.php(109): yii\base\BaseObject->__construct(Array)
#2 /var/www/html/vendor/craftcms/cms/src/services/Config.php(154): craft\services\Config->getConfigSettings('db')
#3 /var/www/html/vendor/craftcms/cms/src/helpers/App.php(286): craft\services\Config->getDb()
#4 /var/www/html/vendor/craftcms/cms/src/config/app.php(200): craft\helpers\App::dbConfig()
#5 [internal function]: {closure}()
#6 /var/www/html/vendor/yiisoft/yii2/di/Container.php(503): call_user_func_array(Object(Closure), Array)
#7 /var/www/html/vendor/yiisoft/yii2/BaseYii.php(351): yii\di\Container->invoke(Object(Closure), Array)
#8 /var/www/html/vendor/yiisoft/yii2/di/ServiceLocator.php(137): yii\BaseYii::createObject(Object(Closure))
#9 /var/www/html/vendor/yiisoft/yii2/base/Module.php(742): yii\di\ServiceLocator->get('db', true)
#10 /var/www/html/vendor/craftcms/cms/src/web/Application.php(333): yii\base\Module->get('db', true)
#11 /var/www/html/vendor/yiisoft/yii2/base/Application.php(499): craft\web\Application->get('db')
#12 /var/www/html/vendor/craftcms/cms/src/web/AssetManager.php(92): yii\base\Application->getDb()
#13 /var/www/html/vendor/yiisoft/yii2/web/AssetManager.php(525): craft\web\AssetManager->hash('/var/www/html/v...')
#14 /var/www/html/vendor/craftcms/cms/src/web/AssetManager.php(113): yii\web\AssetManager->publishDirectory('/var/www/html/v...', Array)
#15 /var/www/html/vendor/yiisoft/yii2/web/AssetManager.php(463): craft\web\AssetManager->publishDirectory('/var/www/html/v...', Array)
#16 /var/www/html/vendor/yiisoft/yii2/web/AssetBundle.php(185): yii\web\AssetManager->publish('/var/www/html/v...', Array)
#17 /var/www/html/vendor/yiisoft/yii2/web/AssetManager.php(268): yii\web\AssetBundle->publish(Object(craft\web\AssetManager))
#18 /var/www/html/vendor/yiisoft/yii2/web/AssetManager.php(239): yii\web\AssetManager->loadBundle('craft\\web\\asset...', Array, true)
#19 /var/www/html/vendor/yiisoft/yii2/web/View.php(286): yii\web\AssetManager->getBundle('craft\\web\\asset...')
#20 /var/www/html/vendor/twig/twig/lib/Twig/Extension/Core.php(1619): yii\web\View->registerAssetBundle('craft\\web\\asset...')
#21 /var/www/html/vendor/craftcms/cms/src/helpers/Template.php(73): twig_get_attribute(Object(craft\web\twig\Environment), Object(Twig_Source), Object(craft\web\View), 'registerAssetBu...', Array, 'method', false, false)
#22 /var/www/html/storage/runtime/compiled_templates/cf/cfccd82d4d15cf794ff6d24967292f95284076cab33d0cb40df9a0adddfabec6.php(32): craft\helpers\Template::attribute(Object(craft\web\twig\Environment), Object(Twig_Source), Object(craft\web\View), 'registerAssetBu...', Array, 'method')
#23 /var/www/html/vendor/twig/twig/lib/Twig/Template.php(390): __TwigTemplate_f031a230c0caba1cef233f98ae034cfd15e67a9397c518e3f0fae9bc2ca0fe61->doDisplay(Array, Array)
#24 /var/www/html/vendor/craftcms/cms/src/web/twig/Template.php(49): Twig_Template->displayWithErrorHandling(Array, Array)
#25 /var/www/html/vendor/twig/twig/lib/Twig/Template.php(367): craft\web\twig\Template->displayWithErrorHandling(Array, Array)
#26 /var/www/html/vendor/craftcms/cms/src/web/twig/Template.php(31): Twig_Template->display(Array, Array)
#27 /var/www/html/storage/runtime/compiled_templates/64/649959589dc91b8d90be958b8e480243f5136c4daef00ec94d7b49161531190a.php(33): craft\web\twig\Template->display(Array, Array)
#28 /var/www/html/vendor/twig/twig/lib/Twig/Template.php(390): __TwigTemplate_657de7d1a43c873b6150f04930450f4b93d55fe008949cc910b2d5f7259c7a69->doDisplay(Array, Array)
#29 /var/www/html/vendor/craftcms/cms/src/web/twig/Template.php(49): Twig_Template->displayWithErrorHandling(Array, Array)
#30 /var/www/html/vendor/twig/twig/lib/Twig/Template.php(367): craft\web\twig\Template->displayWithErrorHandling(Array, Array)
#31 /var/www/html/vendor/craftcms/cms/src/web/twig/Template.php(31): Twig_Template->display(Array, Array)
#32 /var/www/html/storage/runtime/compiled_templates/a5/a5d9c69a584f8fd75797e0547df57926299c24e2c8dde0ac3ee8679999ec3c45.php(32): craft\web\twig\Template->display(Array, Array)
#33 /var/www/html/vendor/twig/twig/lib/Twig/Template.php(390): __TwigTemplate_1a16eb2ad77d454b6fa5dc0958e713fc0fd81a207f79dbed17c5b2acc418e878->doDisplay(Array, Array)
#34 /var/www/html/vendor/craftcms/cms/src/web/twig/Template.php(49): Twig_Template->displayWithErrorHandling(Array, Array)
#35 /var/www/html/vendor/twig/twig/lib/Twig/Template.php(367): craft\web\twig\Template->displayWithErrorHandling(Array, Array)
#36 /var/www/html/vendor/craftcms/cms/src/web/twig/Template.php(31): Twig_Template->display(Array, Array)
#37 /var/www/html/vendor/twig/twig/lib/Twig/Template.php(375): craft\web\twig\Template->display(Array)
#38 /var/www/html/vendor/twig/twig/lib/Twig/Environment.php(289): Twig_Template->render(Array)
#39 /var/www/html/vendor/craftcms/cms/src/web/View.php(331): Twig_Environment->render('503', Array)
#40 /var/www/html/vendor/craftcms/cms/src/web/View.php(378): craft\web\View->renderTemplate('503', Array)
#41 /var/www/html/vendor/craftcms/cms/src/web/Controller.php(156): craft\web\View->renderPageTemplate('503', Array)
#42 /var/www/html/vendor/craftcms/cms/src/controllers/TemplatesController.php(209): craft\web\Controller->renderTemplate('503', Array)
#43 [internal function]: craft\controllers\TemplatesController->actionRenderError()
#44 /var/www/html/vendor/yiisoft/yii2/base/InlineAction.php(57): call_user_func_array(Array, Array)
#45 /var/www/html/vendor/yiisoft/yii2/base/Controller.php(157): yii\base\InlineAction->runWithParams(Array)
#46 /var/www/html/vendor/craftcms/cms/src/web/Controller.php(104): yii\base\Controller->runAction('render-error', Array)
#47 /var/www/html/vendor/yiisoft/yii2/base/Module.php(528): craft\web\Controller->runAction('render-error', Array)
#48 /var/www/html/vendor/craftcms/cms/src/web/Application.php(282): yii\base\Module->runAction('templates/rende...', Array)
#49 /var/www/html/vendor/yiisoft/yii2/web/ErrorHandler.php(108): craft\web\Application->runAction('templates/rende...')
#50 /var/www/html/vendor/craftcms/cms/src/web/ErrorHandler.php(132): yii\web\ErrorHandler->renderException(Object(craft\web\ServiceUnavailableHttpException))
#51 /var/www/html/vendor/yiisoft/yii2/base/ErrorHandler.php(111): craft\web\ErrorHandler->renderException(Object(craft\web\ServiceUnavailableHttpException))
#52 /var/www/html/vendor/craftcms/cms/src/web/ErrorHandler.php(63): yii\base\ErrorHandler->handleException(Object(craft\web\ServiceUnavailableHttpException))
#53 [internal function]: craft\web\ErrorHandler->handleException(Object(craft\web\ServiceUnavailableHttpException))
#54 {main}

Next Twig_Error_Runtime: An exception has been thrown during the rendering of a template ("Unsupported DB driver value: "). in /var/www/html/vendor/craftcms/cms/src/templates/_layouts/base.html:5
Stack trace:
#0 /var/www/html/vendor/craftcms/cms/src/web/twig/Template.php(49): Twig_Template->displayWithErrorHandling(Array, Array)
#1 /var/www/html/vendor/twig/twig/lib/Twig/Template.php(367): craft\web\twig\Template->displayWithErrorHandling(Array, Array)
#2 /var/www/html/vendor/craftcms/cms/src/web/twig/Template.php(31): Twig_Template->display(Array, Array)
#3 /var/www/html/storage/runtime/compiled_templates/64/649959589dc91b8d90be958b8e480243f5136c4daef00ec94d7b49161531190a.php(33): craft\web\twig\Template->display(Array, Array)
#4 /var/www/html/vendor/twig/twig/lib/Twig/Template.php(390): __TwigTemplate_657de7d1a43c873b6150f04930450f4b93d55fe008949cc910b2d5f7259c7a69->doDisplay(Array, Array)
#5 /var/www/html/vendor/craftcms/cms/src/web/twig/Template.php(49): Twig_Template->displayWithErrorHandling(Array, Array)
#6 /var/www/html/vendor/twig/twig/lib/Twig/Template.php(367): craft\web\twig\Template->displayWithErrorHandling(Array, Array)
#7 /var/www/html/vendor/craftcms/cms/src/web/twig/Template.php(31): Twig_Template->display(Array, Array)
#8 /var/www/html/storage/runtime/compiled_templates/a5/a5d9c69a584f8fd75797e0547df57926299c24e2c8dde0ac3ee8679999ec3c45.php(32): craft\web\twig\Template->display(Array, Array)
#9 /var/www/html/vendor/twig/twig/lib/Twig/Template.php(390): __TwigTemplate_1a16eb2ad77d454b6fa5dc0958e713fc0fd81a207f79dbed17c5b2acc418e878->doDisplay(Array, Array)
#10 /var/www/html/vendor/craftcms/cms/src/web/twig/Template.php(49): Twig_Template->displayWithErrorHandling(Array, Array)
#11 /var/www/html/vendor/twig/twig/lib/Twig/Template.php(367): craft\web\twig\Template->displayWithErrorHandling(Array, Array)
#12 /var/www/html/vendor/craftcms/cms/src/web/twig/Template.php(31): Twig_Template->display(Array, Array)
#13 /var/www/html/vendor/twig/twig/lib/Twig/Template.php(375): craft\web\twig\Template->display(Array)
#14 /var/www/html/vendor/twig/twig/lib/Twig/Environment.php(289): Twig_Template->render(Array)
#15 /var/www/html/vendor/craftcms/cms/src/web/View.php(331): Twig_Environment->render('503', Array)
#16 /var/www/html/vendor/craftcms/cms/src/web/View.php(378): craft\web\View->renderTemplate('503', Array)
#17 /var/www/html/vendor/craftcms/cms/src/web/Controller.php(156): craft\web\View->renderPageTemplate('503', Array)
#18 /var/www/html/vendor/craftcms/cms/src/controllers/TemplatesController.php(209): craft\web\Controller->renderTemplate('503', Array)
#19 [internal function]: craft\controllers\TemplatesController->actionRenderError()
#20 /var/www/html/vendor/yiisoft/yii2/base/InlineAction.php(57): call_user_func_array(Array, Array)
#21 /var/www/html/vendor/yiisoft/yii2/base/Controller.php(157): yii\base\InlineAction->runWithParams(Array)
#22 /var/www/html/vendor/craftcms/cms/src/web/Controller.php(104): yii\base\Controller->runAction('render-error', Array)
#23 /var/www/html/vendor/yiisoft/yii2/base/Module.php(528): craft\web\Controller->runAction('render-error', Array)
#24 /var/www/html/vendor/craftcms/cms/src/web/Application.php(282): yii\base\Module->runAction('templates/rende...', Array)
#25 /var/www/html/vendor/yiisoft/yii2/web/ErrorHandler.php(108): craft\web\Application->runAction('templates/rende...')
#26 /var/www/html/vendor/craftcms/cms/src/web/ErrorHandler.php(132): yii\web\ErrorHandler->renderException(Object(craft\web\ServiceUnavailableHttpException))
#27 /var/www/html/vendor/yiisoft/yii2/base/ErrorHandler.php(111): craft\web\ErrorHandler->renderException(Object(craft\web\ServiceUnavailableHttpException))
#28 /var/www/html/vendor/craftcms/cms/src/web/ErrorHandler.php(63): yii\base\ErrorHandler->handleException(Object(craft\web\ServiceUnavailableHttpException))
#29 [internal function]: craft\web\ErrorHandler->handleException(Object(craft\web\ServiceUnavailableHttpException))
#30 {main}
Previous exception:
craft\web\ServiceUnavailableHttpException in /var/www/html/vendor/craftcms/cms/src/web/Application.php:510
Stack trace:
#0 /var/www/html/vendor/craftcms/cms/src/web/Application.php(184): craft\web\Application->_processInstallRequest(Object(craft\web\Request))
#1 /var/www/html/vendor/yiisoft/yii2/base/Application.php(386): craft\web\Application->handleRequest(Object(craft\web\Request))
#2 /var/www/html/public/index.php(21): yii\base\Application->run()
#3 {main}
$_SERVER = [
    'HTTP_USER_AGENT' => 'Auvik HTTP Monitor',
    'HTTP_HOST' => '192.168.10.102:8080',
    'PATH' => '/usr/local/sbin:/usr/local/bin:/usr/sbin:/usr/bin:/sbin:/bin',
    'SERVER_SIGNATURE' => '<address>Apache/2.4.10 (Debian) Server at 192.168.10.102 Port 8080</address>
',
    'SERVER_SOFTWARE' => 'Apache/2.4.10 (Debian)',
    'SERVER_NAME' => '192.168.10.102',
    'SERVER_ADDR' => '172.24.0.4',
    'SERVER_PORT' => '8080',
    'REMOTE_ADDR' => '172.24.0.1',
    'DOCUMENT_ROOT' => '/var/www/html/public',
    'REQUEST_SCHEME' => 'http',
    'CONTEXT_PREFIX' => '',
    'CONTEXT_DOCUMENT_ROOT' => '/var/www/html/public',
    'SERVER_ADMIN' => 'webmaster@localhost',
    'SCRIPT_FILENAME' => '/var/www/html/public/index.php',
    'REMOTE_PORT' => '48056',
    'GATEWAY_INTERFACE' => 'CGI/1.1',
    'SERVER_PROTOCOL' => 'HTTP/1.1',
    'REQUEST_METHOD' => 'GET',
    'QUERY_STRING' => '',
    'REQUEST_URI' => '/',
    'SCRIPT_NAME' => '/index.php',
    'PHP_SELF' => '/index.php',
    'REQUEST_TIME_FLOAT' => 1544650720.392,
    'REQUEST_TIME' => 1544650720,
    'argv' => [],
    'argc' => 0,
    'CRAFT_ENVIRONMENT' => 'local',
    'CRAFT_SECURITY_KEY' => 'lrXXUHZbML9eHjRQ3vZZKTlGmmgni1mu',
    'CRAFT_DB_DRIVER' => 'mysql',
    'CRAFT_DB_SERVER' => 'localhost',
    'CRAFT_DB_PORT' => '3306',
    'CRAFT_DB_USER' => 'craft',
    'CRAFT_DB_PASSWORD' => 'craft',
    'CRAFT_DB_DATABASE' => 'craft',
    'CRAFT_DB_TABLE_PREFIX' => '',
    'CRAFT_REDIS_HOSTNAME' => 'redis',
    'CRAFT_REDIS_PORT' => '6379',
    'CRAFT_REDIS_DATABASE' => '0',
    'CRAFT_REDIS_PASSWORD' => '',
    'CRAFT_ASSET_PATHS' => 'public/uploads',
    'STAGING_CRAFT_SSH_USER' => 'your-staging-craft-ssh-user',
    'STAGING_CRAFT_SSH_HOST' => 'example.com',
    'STAGING_CRAFT_BASE_PATH' => '/var/www/html/',
    'STAGING_CRAFT_DB_SERVER' => 'localhost',
    'STAGING_CRAFT_DB_USER' => 'your-staging-craft-db-user',
    'STAGING_CRAFT_DB_PASSWORD' => 'your-staging-craft-db-password',
    'STAGING_CRAFT_DB_DATABASE' => 'your-staging-craft-db-database',
    'STAGING_CRAFT_DB_TABLE_PREFIX' => '',
    'STAGING_CRAFT_DB_PORT' => '3306',
    'PROD_CRAFT_SSH_USER' => 'your-prod-craft-ssh-user',
    'PROD_CRAFT_SSH_HOST' => 'example.com',
    'PROD_CRAFT_BASE_PATH' => '/var/www/html/',
    'PROD_CRAFT_DB_SERVER' => 'localhost',
    'PROD_CRAFT_DB_USER' => 'your-prod-craft-db-user',
    'PROD_CRAFT_DB_PASSWORD' => 'your-prod-craft-db-password',
    'PROD_CRAFT_DB_DATABASE' => 'your-prod-craft-db-database',
    'PROD_CRAFT_DB_TABLE_PREFIX' => '',
    'PROD_CRAFT_DB_PORT' => '3306',
]
[12-Dec-2018 13:43:42 America/Los_Angeles] An Error occurred while handling another error:
yii\base\InvalidConfigException: craft\web\Request::cookieValidationKey must be configured with a secret key. in /var/www/html/vendor/yiisoft/yii2/web/Request.php:1554
Stack trace:
#0 /var/www/html/vendor/yiisoft/yii2/web/Request.php(1536): yii\web\Request->loadCookies()
#1 /var/www/html/vendor/yiisoft/yii2/web/Request.php(1620): yii\web\Request->getCookies()
#2 /var/www/html/vendor/craftcms/cms/src/web/Request.php(879): yii\web\Request->loadCsrfToken()
#3 /var/www/html/vendor/craftcms/cms/src/web/assets/cp/CpAsset.php(277): craft\web\Request->getCsrfToken()
#4 /var/www/html/vendor/craftcms/cms/src/web/assets/cp/CpAsset.php(91): craft\web\assets\cp\CpAsset->_craftData()
#5 /var/www/html/vendor/yiisoft/yii2/web/View.php(266): craft\web\assets\cp\CpAsset->registerAssetFiles(Object(craft\web\View))
#6 /var/www/html/vendor/craftcms/cms/src/web/View.php(1476): yii\web\View->registerAssetFiles('craft\\web\\asset...')
#7 /var/www/html/vendor/yiisoft/yii2/web/View.php(162): craft\web\View->registerAssetFiles('craft\\web\\asset...')
#8 /var/www/html/vendor/craftcms/cms/src/web/View.php(870): yii\web\View->endBody()
#9 /var/www/html/storage/runtime/compiled_templates/cf/cfccd82d4d15cf794ff6d24967292f95284076cab33d0cb40df9a0adddfabec6.php(66): craft\web\View->endBody()
#10 /var/www/html/vendor/twig/twig/lib/Twig/Template.php(390): __TwigTemplate_f031a230c0caba1cef233f98ae034cfd15e67a9397c518e3f0fae9bc2ca0fe61->doDisplay(Array, Array)
#11 /var/www/html/vendor/craftcms/cms/src/web/twig/Template.php(49): Twig_Template->displayWithErrorHandling(Array, Array)
#12 /var/www/html/vendor/twig/twig/lib/Twig/Template.php(367): craft\web\twig\Template->displayWithErrorHandling(Array, Array)
#13 /var/www/html/vendor/craftcms/cms/src/web/twig/Template.php(31): Twig_Template->display(Array, Array)
#14 /var/www/html/storage/runtime/compiled_templates/64/649959589dc91b8d90be958b8e480243f5136c4daef00ec94d7b49161531190a.php(33): craft\web\twig\Template->display(Array, Array)
#15 /var/www/html/vendor/twig/twig/lib/Twig/Template.php(390): __TwigTemplate_657de7d1a43c873b6150f04930450f4b93d55fe008949cc910b2d5f7259c7a69->doDisplay(Array, Array)
#16 /var/www/html/vendor/craftcms/cms/src/web/twig/Template.php(49): Twig_Template->displayWithErrorHandling(Array, Array)
#17 /var/www/html/vendor/twig/twig/lib/Twig/Template.php(367): craft\web\twig\Template->displayWithErrorHandling(Array, Array)
#18 /var/www/html/vendor/craftcms/cms/src/web/twig/Template.php(31): Twig_Template->display(Array, Array)
#19 /var/www/html/storage/runtime/compiled_templates/a5/a5d9c69a584f8fd75797e0547df57926299c24e2c8dde0ac3ee8679999ec3c45.php(32): craft\web\twig\Template->display(Array, Array)
#20 /var/www/html/vendor/twig/twig/lib/Twig/Template.php(390): __TwigTemplate_1a16eb2ad77d454b6fa5dc0958e713fc0fd81a207f79dbed17c5b2acc418e878->doDisplay(Array, Array)
#21 /var/www/html/vendor/craftcms/cms/src/web/twig/Template.php(49): Twig_Template->displayWithErrorHandling(Array, Array)
#22 /var/www/html/vendor/twig/twig/lib/Twig/Template.php(367): craft\web\twig\Template->displayWithErrorHandling(Array, Array)
#23 /var/www/html/vendor/craftcms/cms/src/web/twig/Template.php(31): Twig_Template->display(Array, Array)
#24 /var/www/html/vendor/twig/twig/lib/Twig/Template.php(375): craft\web\twig\Template->display(Array)
#25 /var/www/html/vendor/twig/twig/lib/Twig/Environment.php(289): Twig_Template->render(Array)
#26 /var/www/html/vendor/craftcms/cms/src/web/View.php(331): Twig_Environment->render('503', Array)
#27 /var/www/html/vendor/craftcms/cms/src/web/View.php(378): craft\web\View->renderTemplate('503', Array)
#28 /var/www/html/vendor/craftcms/cms/src/web/Controller.php(156): craft\web\View->renderPageTemplate('503', Array)
#29 /var/www/html/vendor/craftcms/cms/src/controllers/TemplatesController.php(209): craft\web\Controller->renderTemplate('503', Array)
#30 [internal function]: craft\controllers\TemplatesController->actionRenderError()
#31 /var/www/html/vendor/yiisoft/yii2/base/InlineAction.php(57): call_user_func_array(Array, Array)
#32 /var/www/html/vendor/yiisoft/yii2/base/Controller.php(157): yii\base\InlineAction->runWithParams(Array)
#33 /var/www/html/vendor/craftcms/cms/src/web/Controller.php(104): yii\base\Controller->runAction('render-error', Array)
#34 /var/www/html/vendor/yiisoft/yii2/base/Module.php(528): craft\web\Controller->runAction('render-error', Array)
#35 /var/www/html/vendor/craftcms/cms/src/web/Application.php(282): yii\base\Module->runAction('templates/rende...', Array)
#36 /var/www/html/vendor/yiisoft/yii2/web/ErrorHandler.php(108): craft\web\Application->runAction('templates/rende...')
#37 /var/www/html/vendor/craftcms/cms/src/web/ErrorHandler.php(132): yii\web\ErrorHandler->renderException(Object(craft\web\ServiceUnavailableHttpException))
#38 /var/www/html/vendor/yiisoft/yii2/base/ErrorHandler.php(111): craft\web\ErrorHandler->renderException(Object(craft\web\ServiceUnavailableHttpException))
#39 /var/www/html/vendor/craftcms/cms/src/web/ErrorHandler.php(63): yii\base\ErrorHandler->handleException(Object(craft\web\ServiceUnavailableHttpException))
#40 [internal function]: craft\web\ErrorHandler->handleException(Object(craft\web\ServiceUnavailableHttpException))
#41 {main}

Next Twig_Error_Runtime: An exception has been thrown during the rendering of a template ("craft\web\Request::cookieValidationKey must be configured with a secret key."). in /var/www/html/vendor/craftcms/cms/src/templates/_layouts/base.html:37
Stack trace:
#0 /var/www/html/vendor/craftcms/cms/src/web/twig/Template.php(49): Twig_Template->displayWithErrorHandling(Array, Array)
#1 /var/www/html/vendor/twig/twig/lib/Twig/Template.php(367): craft\web\twig\Template->displayWithErrorHandling(Array, Array)
#2 /var/www/html/vendor/craftcms/cms/src/web/twig/Template.php(31): Twig_Template->display(Array, Array)
#3 /var/www/html/storage/runtime/compiled_templates/64/649959589dc91b8d90be958b8e480243f5136c4daef00ec94d7b49161531190a.php(33): craft\web\twig\Template->display(Array, Array)
#4 /var/www/html/vendor/twig/twig/lib/Twig/Template.php(390): __TwigTemplate_657de7d1a43c873b6150f04930450f4b93d55fe008949cc910b2d5f7259c7a69->doDisplay(Array, Array)
#5 /var/www/html/vendor/craftcms/cms/src/web/twig/Template.php(49): Twig_Template->displayWithErrorHandling(Array, Array)
#6 /var/www/html/vendor/twig/twig/lib/Twig/Template.php(367): craft\web\twig\Template->displayWithErrorHandling(Array, Array)
#7 /var/www/html/vendor/craftcms/cms/src/web/twig/Template.php(31): Twig_Template->display(Array, Array)
#8 /var/www/html/storage/runtime/compiled_templates/a5/a5d9c69a584f8fd75797e0547df57926299c24e2c8dde0ac3ee8679999ec3c45.php(32): craft\web\twig\Template->display(Array, Array)
#9 /var/www/html/vendor/twig/twig/lib/Twig/Template.php(390): __TwigTemplate_1a16eb2ad77d454b6fa5dc0958e713fc0fd81a207f79dbed17c5b2acc418e878->doDisplay(Array, Array)
#10 /var/www/html/vendor/craftcms/cms/src/web/twig/Template.php(49): Twig_Template->displayWithErrorHandling(Array, Array)
#11 /var/www/html/vendor/twig/twig/lib/Twig/Template.php(367): craft\web\twig\Template->displayWithErrorHandling(Array, Array)
#12 /var/www/html/vendor/craftcms/cms/src/web/twig/Template.php(31): Twig_Template->display(Array, Array)
#13 /var/www/html/vendor/twig/twig/lib/Twig/Template.php(375): craft\web\twig\Template->display(Array)
#14 /var/www/html/vendor/twig/twig/lib/Twig/Environment.php(289): Twig_Template->render(Array)
#15 /var/www/html/vendor/craftcms/cms/src/web/View.php(331): Twig_Environment->render('503', Array)
#16 /var/www/html/vendor/craftcms/cms/src/web/View.php(378): craft\web\View->renderTemplate('503', Array)
#17 /var/www/html/vendor/craftcms/cms/src/web/Controller.php(156): craft\web\View->renderPageTemplate('503', Array)
#18 /var/www/html/vendor/craftcms/cms/src/controllers/TemplatesController.php(209): craft\web\Controller->renderTemplate('503', Array)
#19 [internal function]: craft\controllers\TemplatesController->actionRenderError()
#20 /var/www/html/vendor/yiisoft/yii2/base/InlineAction.php(57): call_user_func_array(Array, Array)
#21 /var/www/html/vendor/yiisoft/yii2/base/Controller.php(157): yii\base\InlineAction->runWithParams(Array)
#22 /var/www/html/vendor/craftcms/cms/src/web/Controller.php(104): yii\base\Controller->runAction('render-error', Array)
#23 /var/www/html/vendor/yiisoft/yii2/base/Module.php(528): craft\web\Controller->runAction('render-error', Array)
#24 /var/www/html/vendor/craftcms/cms/src/web/Application.php(282): yii\base\Module->runAction('templates/rende...', Array)
#25 /var/www/html/vendor/yiisoft/yii2/web/ErrorHandler.php(108): craft\web\Application->runAction('templates/rende...')
#26 /var/www/html/vendor/craftcms/cms/src/web/ErrorHandler.php(132): yii\web\ErrorHandler->renderException(Object(craft\web\ServiceUnavailableHttpException))
#27 /var/www/html/vendor/yiisoft/yii2/base/ErrorHandler.php(111): craft\web\ErrorHandler->renderException(Object(craft\web\ServiceUnavailableHttpException))
#28 /var/www/html/vendor/craftcms/cms/src/web/ErrorHandler.php(63): yii\base\ErrorHandler->handleException(Object(craft\web\ServiceUnavailableHttpException))
#29 [internal function]: craft\web\ErrorHandler->handleException(Object(craft\web\ServiceUnavailableHttpException))
#30 {main}
Previous exception:
craft\web\ServiceUnavailableHttpException in /var/www/html/vendor/craftcms/cms/src/web/Application.php:510
Stack trace:
#0 /var/www/html/vendor/craftcms/cms/src/web/Application.php(184): craft\web\Application->_processInstallRequest(Object(craft\web\Request))
#1 /var/www/html/vendor/yiisoft/yii2/base/Application.php(386): craft\web\Application->handleRequest(Object(craft\web\Request))
#2 /var/www/html/public/index.php(21): yii\base\Application->run()
#3 {main}
$_SERVER = [
    'HTTP_USER_AGENT' => 'Auvik HTTP Monitor',
    'HTTP_HOST' => '192.168.10.102:8080',
    'PATH' => '/usr/local/sbin:/usr/local/bin:/usr/sbin:/usr/bin:/sbin:/bin',
    'SERVER_SIGNATURE' => '<address>Apache/2.4.10 (Debian) Server at 192.168.10.102 Port 8080</address>
',
    'SERVER_SOFTWARE' => 'Apache/2.4.10 (Debian)',
    'SERVER_NAME' => '192.168.10.102',
    'SERVER_ADDR' => '172.24.0.4',
    'SERVER_PORT' => '8080',
    'REMOTE_ADDR' => '172.24.0.1',
    'DOCUMENT_ROOT' => '/var/www/html/public',
    'REQUEST_SCHEME' => 'http',
    'CONTEXT_PREFIX' => '',
    'CONTEXT_DOCUMENT_ROOT' => '/var/www/html/public',
    'SERVER_ADMIN' => 'webmaster@localhost',
    'SCRIPT_FILENAME' => '/var/www/html/public/index.php',
    'REMOTE_PORT' => '48066',
    'GATEWAY_INTERFACE' => 'CGI/1.1',
    'SERVER_PROTOCOL' => 'HTTP/1.1',
    'REQUEST_METHOD' => 'GET',
    'QUERY_STRING' => '',
    'REQUEST_URI' => '/',
    'SCRIPT_NAME' => '/index.php',
    'PHP_SELF' => '/index.php',
    'REQUEST_TIME_FLOAT' => 1544651021.029,
    'REQUEST_TIME' => 1544651021,
    'argv' => [],
    'argc' => 0,
    'CRAFT_ENVIRONMENT' => 'local',
    'CRAFT_SECURITY_KEY' => 'lrXXUHZbML9eHjRQ3vZZKTlGmmgni1mu',
    'CRAFT_DB_DRIVER' => 'mysql',
    'CRAFT_DB_SERVER' => 'db',
    'CRAFT_DB_PORT' => '3306',
    'CRAFT_DB_USER' => 'craft',
    'CRAFT_DB_PASSWORD' => 'craft',
    'CRAFT_DB_DATABASE' => 'craft',
    'CRAFT_DB_TABLE_PREFIX' => '',
    'CRAFT_REDIS_HOSTNAME' => 'redis',
    'CRAFT_REDIS_PORT' => '6379',
    'CRAFT_REDIS_DATABASE' => '0',
    'CRAFT_REDIS_PASSWORD' => '',
    'CRAFT_ASSET_PATHS' => 'public/uploads',
    'STAGING_CRAFT_SSH_USER' => 'your-staging-craft-ssh-user',
    'STAGING_CRAFT_SSH_HOST' => 'example.com',
    'STAGING_CRAFT_BASE_PATH' => '/var/www/html/',
    'STAGING_CRAFT_DB_SERVER' => 'localhost',
    'STAGING_CRAFT_DB_USER' => 'your-staging-craft-db-user',
    'STAGING_CRAFT_DB_PASSWORD' => 'your-staging-craft-db-password',
    'STAGING_CRAFT_DB_DATABASE' => 'your-staging-craft-db-database',
    'STAGING_CRAFT_DB_TABLE_PREFIX' => '',
    'STAGING_CRAFT_DB_PORT' => '3306',
    'PROD_CRAFT_SSH_USER' => 'your-prod-craft-ssh-user',
    'PROD_CRAFT_SSH_HOST' => 'example.com',
    'PROD_CRAFT_BASE_PATH' => '/var/www/html/',
    'PROD_CRAFT_DB_SERVER' => 'localhost',
    'PROD_CRAFT_DB_USER' => 'your-prod-craft-db-user',
    'PROD_CRAFT_DB_PASSWORD' => 'your-prod-craft-db-password',
    'PROD_CRAFT_DB_DATABASE' => 'your-prod-craft-db-database',
    'PROD_CRAFT_DB_TABLE_PREFIX' => '',
    'PROD_CRAFT_DB_PORT' => '3306',
]
